TN:
SF:src\router.ts
FN:33,(anonymous_0)
FN:51,(anonymous_1)
FNF:2
FNH:2
FNDA:4,(anonymous_0)
FNDA:5,(anonymous_1)
DA:1,2
DA:2,2
DA:10,2
DA:11,2
DA:13,2
DA:15,2
DA:16,2
DA:23,2
DA:33,4
DA:40,2
DA:51,5
DA:57,2
DA:63,2
DA:70,2
LF:14
LH:14
BRF:0
BRH:0
end_of_record
TN:
SF:src\server.ts
FN:7,connectDB
FN:25,(anonymous_2)
FNF:2
FNH:2
FNDA:3,connectDB
FNDA:1,(anonymous_2)
DA:1,2
DA:2,2
DA:3,2
DA:4,2
DA:7,2
DA:8,3
DA:9,3
DA:10,2
DA:12,1
DA:13,1
DA:18,2
DA:21,2
DA:23,2
DA:24,2
DA:25,2
DA:26,1
DA:28,2
LF:17
LH:17
BRF:0
BRH:0
end_of_record
TN:
SF:src\config\db.ts
FNF:0
FNH:0
DA:1,2
DA:2,2
DA:3,2
DA:4,2
DA:9,2
LF:5
LH:5
BRF:0
BRH:0
end_of_record
TN:
SF:src\handlers\product.ts
FN:5,(anonymous_1)
FN:9,(anonymous_2)
FN:19,(anonymous_3)
FN:23,(anonymous_4)
FN:39,(anonymous_5)
FN:53,(anonymous_6)
FNF:6
FNH:6
FNDA:1,(anonymous_1)
FNDA:2,(anonymous_2)
FNDA:1,(anonymous_3)
FNDA:2,(anonymous_4)
FNDA:2,(anonymous_5)
FNDA:2,(anonymous_6)
DA:3,2
DA:5,2
DA:6,1
DA:7,1
DA:9,2
DA:10,2
DA:11,2
DA:12,2
DA:13,1
DA:17,1
DA:19,2
DA:20,1
DA:21,1
DA:23,2
DA:24,2
DA:25,2
DA:26,2
DA:27,1
DA:33,1
DA:34,1
DA:36,1
DA:39,2
DA:40,2
DA:41,2
DA:42,2
DA:43,1
DA:48,1
DA:49,1
DA:50,1
DA:53,2
DA:54,2
DA:55,2
DA:56,2
DA:57,1
DA:62,1
DA:63,1
LF:36
LH:36
BRDA:12,0,0,1
BRDA:26,1,0,1
BRDA:42,2,0,1
BRDA:56,3,0,1
BRF:4
BRH:4
end_of_record
TN:
SF:src\middleware\index.ts
FN:3,(anonymous_0)
FNF:1
FNH:1
FNDA:17,(anonymous_0)
DA:2,2
DA:3,2
DA:9,17
DA:10,17
DA:11,8
DA:14,9
LF:6
LH:6
BRDA:10,0,0,8
BRF:1
BRH:1
end_of_record
TN:
SF:src\models\Product.model.ts
FNF:0
FNH:0
DA:1,3
DA:6,3
DA:10,3
DA:14,3
DA:19,3
DA:22,3
LF:6
LH:6
BRF:0
BRH:0
end_of_record
